

Version:	3.50
CmdLine:	R:\Codes\CalciApp\GUICalculator.exe --l4j-debug
JNI:		No
WOW64:		Yes
Working dir:	R:\Codes\CalciApp\.
Requires JDK:	Yes
Requires 64-Bit: Yes
Java min ver:	1.000.004
Java max ver:	
Substitute:	JAVA_HOME = 
Substitute:	PATH = C:\Program Files\Common Files\Oracle\Java\javapath;C:\Python313\Scripts\;C:\Python313\;C:\WINDOWS\system32;C:\WINDOWS;C:\WINDOWS\System32\Wbem;C:\WINDOWS\System32\WindowsPowerShell\v1.0\;C:\WINDOWS\System32\OpenSSH\;C:\msys64\ucrt64\bin\g++.exe;C:\Program Files\nodejs\;C:\ProgramData\chocolatey\bin;C:\Program Files\Cloudflare\Cloudflare WARP\;C:\Program Files\Git\cmd;C:\Program Files\dotnet\;C:\Program Files\Java\jdk-24\bin;C:\Program Files\MySQL\MySQL Server 8.0\bin;C:\Program Files\Tesseract-OCR;C:\Users\RupenParthu\AppData\Local\Programs\Python\Python311\Scripts\;C:\Users\RupenParthu\AppData\Local\Programs\Python\Python311\;C:\Program Files\MySQL\MySQL Shell 8.0\bin\;C:\Users\RupenParthu\miniconda3;C:\Users\RupenParthu\miniconda3\Library\mingw-w64\bin;C:\Users\RupenParthu\miniconda3\Library\usr\bin;C:\Users\RupenParthu\miniconda3\Library\bin;C:\Users\RupenParthu\miniconda3\Scripts;C:\Users\RupenParthu\AppData\Local\Microsoft\WindowsApps;C:\Users\RupenParthu\AppData\Local\Programs\Microsoft VS Code\bin;C:\Users\RupenParthu\AppData\Roaming\npm;C:\Program Files\JetBrains\PyCharm Community Edition 2024.2.4\bin;;C:\Users\RupenParthu\AppData\Local\GitHubDesktop\bin;C:\Users\RupenParthu\.dotnet\tools;C:\Users\RupenParthu\AppData\Local\Programs\Windsurf\bin;C:\Program Files\JetBrains\IntelliJ IDEA 2025.2.1\bin;C:\Program Files\Java\jdk-24\bin
JRE paths:	;C:\Program Files\Common Files\Oracle\Java\javapath;C:\Python313\Scripts\;C:\Python313\;C:\WINDOWS\system32;C:\WINDOWS;C:\WINDOWS\System32\Wbem;C:\WINDOWS\System32\WindowsPowerShell\v1.0\;C:\WINDOWS\System32\OpenSSH\;C:\msys64\ucrt64\bin\g++.exe;C:\Program Files\nodejs\;C:\ProgramData\chocolatey\bin;C:\Program Files\Cloudflare\Cloudflare WARP\;C:\Program Files\Git\cmd;C:\Program Files\dotnet\;C:\Program Files\Java\jdk-24\bin;C:\Program Files\MySQL\MySQL Server 8.0\bin;C:\Program Files\Tesseract-OCR;C:\Users\RupenParthu\AppData\Local\Programs\Python\Python311\Scripts\;C:\Users\RupenParthu\AppData\Local\Programs\Python\Python311\;C:\Program Files\MySQL\MySQL Shell 8.0\bin\;C:\Users\RupenParthu\miniconda3;C:\Users\RupenParthu\miniconda3\Library\mingw-w64\bin;C:\Users\RupenParthu\miniconda3\Library\usr\bin;C:\Users\RupenParthu\miniconda3\Library\bin;C:\Users\RupenParthu\miniconda3\Scripts;C:\Users\RupenParthu\AppData\Local\Microsoft\WindowsApps;C:\Users\RupenParthu\AppData\Local\Programs\Microsoft VS Code\bin;C:\Users\RupenParthu\AppData\Roaming\npm;C:\Program Files\JetBrains\PyCharm Community Edition 2024.2.4\bin;;C:\Users\RupenParthu\AppData\Local\GitHubDesktop\bin;C:\Users\RupenParthu\.dotnet\tools;C:\Users\RupenParthu\AppData\Local\Programs\Windsurf\bin;C:\Program Files\JetBrains\IntelliJ IDEA 2025.2.1\bin;C:\Program Files\Java\jdk-24\bin
Check launcher:	C:\Program Files\Common Files\Oracle\Java\javapath\bin\javaw.exe (not found)
Check launcher:	C:\Python313\Scripts\bin\javaw.exe (not found)
Check launcher:	C:\Python313\bin\javaw.exe (not found)
Check launcher:	C:\WINDOWS\system32\bin\javaw.exe (not found)
Check launcher:	C:\WINDOWS\bin\javaw.exe (not found)
Check launcher:	C:\WINDOWS\System32\Wbem\bin\javaw.exe (not found)
Check launcher:	C:\WINDOWS\System32\WindowsPowerShell\v1.0\bin\javaw.exe (not found)
Check launcher:	C:\WINDOWS\System32\OpenSSH\bin\javaw.exe (not found)
Check launcher:	C:\msys64\ucrt64\bin\g++.exe\bin\javaw.exe (not found)
Check launcher:	C:\Program Files\nodejs\bin\javaw.exe (not found)
Check launcher:	C:\ProgramData\chocolatey\bin\javaw.exe (not found)
Check launcher:	C:\Program Files\Cloudflare\Cloudflare WARP\bin\javaw.exe (not found)
Check launcher:	C:\Program Files\Git\cmd\bin\javaw.exe (not found)
Check launcher:	C:\Program Files\dotnet\bin\javaw.exe (not found)
Check launcher:	C:\Program Files\Java\jdk-24\bin\javaw.exe (OK)
Check javac:	C:\Program Files\Java\jdk-24\bin\javac.exe (OK)
Version string: 1.024.000_001 / 64-Bit (OK)
Main class:	main.App
Info:		Classpath not defined.
Launcher:	C:\Program Files\Java\jdk-24\bin\javaw.exe
Launcher args:	-classpath "R:\Codes\CalciApp\GUICalculator.exe" main.App
Args length:	57/32768 chars
Exit code:	1


Version:	3.50
CmdLine:	R:\Codes\CalciApp\GUICalculator.exe --l4j-debug
JNI:		No
WOW64:		Yes
Working dir:	R:\Codes\CalciApp\.
Requires JDK:	Yes
Requires 64-Bit: Yes
Java min ver:	1.000.004
Java max ver:	
Substitute:	JAVA_HOME = 
Substitute:	PATH = C:\Program Files\Common Files\Oracle\Java\javapath;C:\Python313\Scripts\;C:\Python313\;C:\WINDOWS\system32;C:\WINDOWS;C:\WINDOWS\System32\Wbem;C:\WINDOWS\System32\WindowsPowerShell\v1.0\;C:\WINDOWS\System32\OpenSSH\;C:\msys64\ucrt64\bin\g++.exe;C:\Program Files\nodejs\;C:\ProgramData\chocolatey\bin;C:\Program Files\Cloudflare\Cloudflare WARP\;C:\Program Files\Git\cmd;C:\Program Files\dotnet\;C:\Program Files\Java\jdk-24\bin;C:\Program Files\MySQL\MySQL Server 8.0\bin;C:\Program Files\Tesseract-OCR;C:\Users\RupenParthu\AppData\Local\Programs\Python\Python311\Scripts\;C:\Users\RupenParthu\AppData\Local\Programs\Python\Python311\;C:\Program Files\MySQL\MySQL Shell 8.0\bin\;C:\Users\RupenParthu\miniconda3;C:\Users\RupenParthu\miniconda3\Library\mingw-w64\bin;C:\Users\RupenParthu\miniconda3\Library\usr\bin;C:\Users\RupenParthu\miniconda3\Library\bin;C:\Users\RupenParthu\miniconda3\Scripts;C:\Users\RupenParthu\AppData\Local\Microsoft\WindowsApps;C:\Users\RupenParthu\AppData\Local\Programs\Microsoft VS Code\bin;C:\Users\RupenParthu\AppData\Roaming\npm;C:\Program Files\JetBrains\PyCharm Community Edition 2024.2.4\bin;;C:\Users\RupenParthu\AppData\Local\GitHubDesktop\bin;C:\Users\RupenParthu\.dotnet\tools;C:\Users\RupenParthu\AppData\Local\Programs\Windsurf\bin;C:\Program Files\JetBrains\IntelliJ IDEA 2025.2.1\bin;C:\Program Files\Java\jdk-24\bin
JRE paths:	;C:\Program Files\Common Files\Oracle\Java\javapath;C:\Python313\Scripts\;C:\Python313\;C:\WINDOWS\system32;C:\WINDOWS;C:\WINDOWS\System32\Wbem;C:\WINDOWS\System32\WindowsPowerShell\v1.0\;C:\WINDOWS\System32\OpenSSH\;C:\msys64\ucrt64\bin\g++.exe;C:\Program Files\nodejs\;C:\ProgramData\chocolatey\bin;C:\Program Files\Cloudflare\Cloudflare WARP\;C:\Program Files\Git\cmd;C:\Program Files\dotnet\;C:\Program Files\Java\jdk-24\bin;C:\Program Files\MySQL\MySQL Server 8.0\bin;C:\Program Files\Tesseract-OCR;C:\Users\RupenParthu\AppData\Local\Programs\Python\Python311\Scripts\;C:\Users\RupenParthu\AppData\Local\Programs\Python\Python311\;C:\Program Files\MySQL\MySQL Shell 8.0\bin\;C:\Users\RupenParthu\miniconda3;C:\Users\RupenParthu\miniconda3\Library\mingw-w64\bin;C:\Users\RupenParthu\miniconda3\Library\usr\bin;C:\Users\RupenParthu\miniconda3\Library\bin;C:\Users\RupenParthu\miniconda3\Scripts;C:\Users\RupenParthu\AppData\Local\Microsoft\WindowsApps;C:\Users\RupenParthu\AppData\Local\Programs\Microsoft VS Code\bin;C:\Users\RupenParthu\AppData\Roaming\npm;C:\Program Files\JetBrains\PyCharm Community Edition 2024.2.4\bin;;C:\Users\RupenParthu\AppData\Local\GitHubDesktop\bin;C:\Users\RupenParthu\.dotnet\tools;C:\Users\RupenParthu\AppData\Local\Programs\Windsurf\bin;C:\Program Files\JetBrains\IntelliJ IDEA 2025.2.1\bin;C:\Program Files\Java\jdk-24\bin
Check launcher:	C:\Program Files\Common Files\Oracle\Java\javapath\bin\javaw.exe (not found)
Check launcher:	C:\Python313\Scripts\bin\javaw.exe (not found)
Check launcher:	C:\Python313\bin\javaw.exe (not found)
Check launcher:	C:\WINDOWS\system32\bin\javaw.exe (not found)
Check launcher:	C:\WINDOWS\bin\javaw.exe (not found)
Check launcher:	C:\WINDOWS\System32\Wbem\bin\javaw.exe (not found)
Check launcher:	C:\WINDOWS\System32\WindowsPowerShell\v1.0\bin\javaw.exe (not found)
Check launcher:	C:\WINDOWS\System32\OpenSSH\bin\javaw.exe (not found)
Check launcher:	C:\msys64\ucrt64\bin\g++.exe\bin\javaw.exe (not found)
Check launcher:	C:\Program Files\nodejs\bin\javaw.exe (not found)
Check launcher:	C:\ProgramData\chocolatey\bin\javaw.exe (not found)
Check launcher:	C:\Program Files\Cloudflare\Cloudflare WARP\bin\javaw.exe (not found)
Check launcher:	C:\Program Files\Git\cmd\bin\javaw.exe (not found)
Check launcher:	C:\Program Files\dotnet\bin\javaw.exe (not found)
Check launcher:	C:\Program Files\Java\jdk-24\bin\javaw.exe (OK)
Check javac:	C:\Program Files\Java\jdk-24\bin\javac.exe (OK)
Version string: 1.024.000_001 / 64-Bit (OK)
Main class:	main.App
Info:		Classpath not defined.
Launcher:	C:\Program Files\Java\jdk-24\bin\javaw.exe
Launcher args:	-classpath "R:\Codes\CalciApp\GUICalculator.exe" main.App
Args length:	57/32768 chars
Exit code:	1


Version:	3.50
CmdLine:	R:\Codes\CalciApp\GUICalculator.exe --l4j-debug
JNI:		No
WOW64:		Yes
Working dir:	R:\Codes\CalciApp\.
Requires JDK:	Yes
Requires 64-Bit: Yes
Java min ver:	1.000.004
Java max ver:	
Substitute:	JAVA_HOME = 
Substitute:	PATH = C:\Program Files\Common Files\Oracle\Java\javapath;C:\Python313\Scripts\;C:\Python313\;C:\WINDOWS\system32;C:\WINDOWS;C:\WINDOWS\System32\Wbem;C:\WINDOWS\System32\WindowsPowerShell\v1.0\;C:\WINDOWS\System32\OpenSSH\;C:\msys64\ucrt64\bin\g++.exe;C:\Program Files\nodejs\;C:\ProgramData\chocolatey\bin;C:\Program Files\Cloudflare\Cloudflare WARP\;C:\Program Files\Git\cmd;C:\Program Files\dotnet\;C:\Program Files\Java\jdk-24\bin;C:\Program Files\MySQL\MySQL Server 8.0\bin;C:\Program Files\Tesseract-OCR;C:\Users\RupenParthu\AppData\Local\Programs\Python\Python311\Scripts\;C:\Users\RupenParthu\AppData\Local\Programs\Python\Python311\;C:\Program Files\MySQL\MySQL Shell 8.0\bin\;C:\Users\RupenParthu\miniconda3;C:\Users\RupenParthu\miniconda3\Library\mingw-w64\bin;C:\Users\RupenParthu\miniconda3\Library\usr\bin;C:\Users\RupenParthu\miniconda3\Library\bin;C:\Users\RupenParthu\miniconda3\Scripts;C:\Users\RupenParthu\AppData\Local\Microsoft\WindowsApps;C:\Users\RupenParthu\AppData\Local\Programs\Microsoft VS Code\bin;C:\Users\RupenParthu\AppData\Roaming\npm;C:\Program Files\JetBrains\PyCharm Community Edition 2024.2.4\bin;;C:\Users\RupenParthu\AppData\Local\GitHubDesktop\bin;C:\Users\RupenParthu\.dotnet\tools;C:\Users\RupenParthu\AppData\Local\Programs\Windsurf\bin;C:\Program Files\JetBrains\IntelliJ IDEA 2025.2.1\bin;C:\Program Files\Java\jdk-24\bin
JRE paths:	;C:\Program Files\Common Files\Oracle\Java\javapath;C:\Python313\Scripts\;C:\Python313\;C:\WINDOWS\system32;C:\WINDOWS;C:\WINDOWS\System32\Wbem;C:\WINDOWS\System32\WindowsPowerShell\v1.0\;C:\WINDOWS\System32\OpenSSH\;C:\msys64\ucrt64\bin\g++.exe;C:\Program Files\nodejs\;C:\ProgramData\chocolatey\bin;C:\Program Files\Cloudflare\Cloudflare WARP\;C:\Program Files\Git\cmd;C:\Program Files\dotnet\;C:\Program Files\Java\jdk-24\bin;C:\Program Files\MySQL\MySQL Server 8.0\bin;C:\Program Files\Tesseract-OCR;C:\Users\RupenParthu\AppData\Local\Programs\Python\Python311\Scripts\;C:\Users\RupenParthu\AppData\Local\Programs\Python\Python311\;C:\Program Files\MySQL\MySQL Shell 8.0\bin\;C:\Users\RupenParthu\miniconda3;C:\Users\RupenParthu\miniconda3\Library\mingw-w64\bin;C:\Users\RupenParthu\miniconda3\Library\usr\bin;C:\Users\RupenParthu\miniconda3\Library\bin;C:\Users\RupenParthu\miniconda3\Scripts;C:\Users\RupenParthu\AppData\Local\Microsoft\WindowsApps;C:\Users\RupenParthu\AppData\Local\Programs\Microsoft VS Code\bin;C:\Users\RupenParthu\AppData\Roaming\npm;C:\Program Files\JetBrains\PyCharm Community Edition 2024.2.4\bin;;C:\Users\RupenParthu\AppData\Local\GitHubDesktop\bin;C:\Users\RupenParthu\.dotnet\tools;C:\Users\RupenParthu\AppData\Local\Programs\Windsurf\bin;C:\Program Files\JetBrains\IntelliJ IDEA 2025.2.1\bin;C:\Program Files\Java\jdk-24\bin
Check launcher:	C:\Program Files\Common Files\Oracle\Java\javapath\bin\javaw.exe (not found)
Check launcher:	C:\Python313\Scripts\bin\javaw.exe (not found)
Check launcher:	C:\Python313\bin\javaw.exe (not found)
Check launcher:	C:\WINDOWS\system32\bin\javaw.exe (not found)
Check launcher:	C:\WINDOWS\bin\javaw.exe (not found)
Check launcher:	C:\WINDOWS\System32\Wbem\bin\javaw.exe (not found)
Check launcher:	C:\WINDOWS\System32\WindowsPowerShell\v1.0\bin\javaw.exe (not found)
Check launcher:	C:\WINDOWS\System32\OpenSSH\bin\javaw.exe (not found)
Check launcher:	C:\msys64\ucrt64\bin\g++.exe\bin\javaw.exe (not found)
Check launcher:	C:\Program Files\nodejs\bin\javaw.exe (not found)
Check launcher:	C:\ProgramData\chocolatey\bin\javaw.exe (not found)
Check launcher:	C:\Program Files\Cloudflare\Cloudflare WARP\bin\javaw.exe (not found)
Check launcher:	C:\Program Files\Git\cmd\bin\javaw.exe (not found)
Check launcher:	C:\Program Files\dotnet\bin\javaw.exe (not found)
Check launcher:	C:\Program Files\Java\jdk-24\bin\javaw.exe (OK)
Check javac:	C:\Program Files\Java\jdk-24\bin\javac.exe (OK)
Version string: 1.024.000_001 / 64-Bit (OK)
Main class:	main.App
Info:		Classpath not defined.
Launcher:	C:\Program Files\Java\jdk-24\bin\javaw.exe
Launcher args:	-classpath "R:\Codes\CalciApp\GUICalculator.exe" main.App
Args length:	57/32768 chars
Exit code:	0


Version:	3.50
CmdLine:	R:\Codes\CalciApp\GUICalculator.exe --l4j-debug
JNI:		No
WOW64:		Yes
Working dir:	R:\Codes\CalciApp\.
Requires JDK:	Yes
Requires 64-Bit: Yes
Java min ver:	1.000.004
Java max ver:	
Substitute:	JAVA_HOME = 
Substitute:	PATH = C:\Program Files\Common Files\Oracle\Java\javapath;C:\Python313\Scripts\;C:\Python313\;C:\WINDOWS\system32;C:\WINDOWS;C:\WINDOWS\System32\Wbem;C:\WINDOWS\System32\WindowsPowerShell\v1.0\;C:\WINDOWS\System32\OpenSSH\;C:\msys64\ucrt64\bin\g++.exe;C:\Program Files\nodejs\;C:\ProgramData\chocolatey\bin;C:\Program Files\Cloudflare\Cloudflare WARP\;C:\Program Files\Git\cmd;C:\Program Files\dotnet\;C:\Program Files\Java\jdk-24\bin;C:\Program Files\MySQL\MySQL Server 8.0\bin;C:\Program Files\Tesseract-OCR;C:\Users\RupenParthu\AppData\Local\Programs\Python\Python311\Scripts\;C:\Users\RupenParthu\AppData\Local\Programs\Python\Python311\;C:\Program Files\MySQL\MySQL Shell 8.0\bin\;C:\Users\RupenParthu\miniconda3;C:\Users\RupenParthu\miniconda3\Library\mingw-w64\bin;C:\Users\RupenParthu\miniconda3\Library\usr\bin;C:\Users\RupenParthu\miniconda3\Library\bin;C:\Users\RupenParthu\miniconda3\Scripts;C:\Users\RupenParthu\AppData\Local\Microsoft\WindowsApps;C:\Users\RupenParthu\AppData\Local\Programs\Microsoft VS Code\bin;C:\Users\RupenParthu\AppData\Roaming\npm;C:\Program Files\JetBrains\PyCharm Community Edition 2024.2.4\bin;;C:\Users\RupenParthu\AppData\Local\GitHubDesktop\bin;C:\Users\RupenParthu\.dotnet\tools;C:\Users\RupenParthu\AppData\Local\Programs\Windsurf\bin;C:\Program Files\JetBrains\IntelliJ IDEA 2025.2.1\bin;C:\Program Files\Java\jdk-24\bin
JRE paths:	;C:\Program Files\Common Files\Oracle\Java\javapath;C:\Python313\Scripts\;C:\Python313\;C:\WINDOWS\system32;C:\WINDOWS;C:\WINDOWS\System32\Wbem;C:\WINDOWS\System32\WindowsPowerShell\v1.0\;C:\WINDOWS\System32\OpenSSH\;C:\msys64\ucrt64\bin\g++.exe;C:\Program Files\nodejs\;C:\ProgramData\chocolatey\bin;C:\Program Files\Cloudflare\Cloudflare WARP\;C:\Program Files\Git\cmd;C:\Program Files\dotnet\;C:\Program Files\Java\jdk-24\bin;C:\Program Files\MySQL\MySQL Server 8.0\bin;C:\Program Files\Tesseract-OCR;C:\Users\RupenParthu\AppData\Local\Programs\Python\Python311\Scripts\;C:\Users\RupenParthu\AppData\Local\Programs\Python\Python311\;C:\Program Files\MySQL\MySQL Shell 8.0\bin\;C:\Users\RupenParthu\miniconda3;C:\Users\RupenParthu\miniconda3\Library\mingw-w64\bin;C:\Users\RupenParthu\miniconda3\Library\usr\bin;C:\Users\RupenParthu\miniconda3\Library\bin;C:\Users\RupenParthu\miniconda3\Scripts;C:\Users\RupenParthu\AppData\Local\Microsoft\WindowsApps;C:\Users\RupenParthu\AppData\Local\Programs\Microsoft VS Code\bin;C:\Users\RupenParthu\AppData\Roaming\npm;C:\Program Files\JetBrains\PyCharm Community Edition 2024.2.4\bin;;C:\Users\RupenParthu\AppData\Local\GitHubDesktop\bin;C:\Users\RupenParthu\.dotnet\tools;C:\Users\RupenParthu\AppData\Local\Programs\Windsurf\bin;C:\Program Files\JetBrains\IntelliJ IDEA 2025.2.1\bin;C:\Program Files\Java\jdk-24\bin
Check launcher:	C:\Program Files\Common Files\Oracle\Java\javapath\bin\javaw.exe (not found)
Check launcher:	C:\Python313\Scripts\bin\javaw.exe (not found)
Check launcher:	C:\Python313\bin\javaw.exe (not found)
Check launcher:	C:\WINDOWS\system32\bin\javaw.exe (not found)
Check launcher:	C:\WINDOWS\bin\javaw.exe (not found)
Check launcher:	C:\WINDOWS\System32\Wbem\bin\javaw.exe (not found)
Check launcher:	C:\WINDOWS\System32\WindowsPowerShell\v1.0\bin\javaw.exe (not found)
Check launcher:	C:\WINDOWS\System32\OpenSSH\bin\javaw.exe (not found)
Check launcher:	C:\msys64\ucrt64\bin\g++.exe\bin\javaw.exe (not found)
Check launcher:	C:\Program Files\nodejs\bin\javaw.exe (not found)
Check launcher:	C:\ProgramData\chocolatey\bin\javaw.exe (not found)
Check launcher:	C:\Program Files\Cloudflare\Cloudflare WARP\bin\javaw.exe (not found)
Check launcher:	C:\Program Files\Git\cmd\bin\javaw.exe (not found)
Check launcher:	C:\Program Files\dotnet\bin\javaw.exe (not found)
Check launcher:	C:\Program Files\Java\jdk-24\bin\javaw.exe (OK)
Check javac:	C:\Program Files\Java\jdk-24\bin\javac.exe (OK)
Version string: 1.024.000_001 / 64-Bit (OK)
Main class:	main.App
Info:		Classpath not defined.
Launcher:	C:\Program Files\Java\jdk-24\bin\javaw.exe
Launcher args:	-classpath "R:\Codes\CalciApp\GUICalculator.exe" main.App
Args length:	57/32768 chars
Exit code:	0
